<?xml version="1.0" encoding="UTF-8"?>
<!-- Generated by org.testng.reporters.JUnitXMLReporter -->
<testsuite ignored="2" hostname="CSN-VM-STD-8707" failures="0" tests="5" name="carloan" time="0.054" errors="0" timestamp="2023-06-21T15:59:39 IST">
  <testcase classname="test.day3" name="mobilelogincarloan" time="0.002"/>
  <testcase classname="test.day3" name="mobilesignoutcarloan" time="0.005"/>
  <testcase classname="test.day3" name="mobilesignoutcarloan" time="0.002"/>
  <testcase classname="test.day3" name="mobilesignoutcarloan" time="0.003"/>
  <testcase classname="test.day3" name="weblogincarloan" time="0.003"/>
  <testcase classname="test.day3" name="APIcarloan" time="0.0">
    <ignored/>
  </testcase> <!-- APIcarloan -->
  <testcase classname="test.day3" name="mobilesignincarloan" time="0.0">
    <ignored/>
  </testcase> <!-- mobilesignincarloan -->
</testsuite> <!-- carloan -->
