<?xml version="1.0" encoding="UTF-8"?>
<!-- Generated by org.testng.reporters.JUnitXMLReporter -->
<testsuite ignored="1" hostname="CSN-VM-STD-8707" failures="1" tests="5" name="Personal Loan" time="0.202" errors="0" timestamp="2023-06-21T15:59:39 IST">
  <testcase classname="test.day1" name="Demo" time="0.021">
    <failure type="java.lang.AssertionError" message="expected [true] but found [false]">
      <![CDATA[java.lang.AssertionError: expected [true] but found [false]
at test.day1.Demo(day1.java:22)
at java.base/java.util.ArrayList.forEach(ArrayList.java:1511)
... Removed 31 stack frames]]>
    </failure>
  </testcase> <!-- Demo -->
  <testcase classname="test.day2" name="ploan" time="0.003"/>
  <testcase classname="test.day4" name="loginAPIhomeloan" time="0.005"/>
  <testcase classname="test.day4" name="mobileloginhomeloan" time="0.004"/>
  <testcase classname="test.day4" name="webloginhomeloan" time="0.006"/>
  <testcase classname="test.day1" name="SecondTest" time="0.0">
    <ignored/>
  </testcase> <!-- SecondTest -->
</testsuite> <!-- Personal Loan -->
