<?xml version="1.0" encoding="UTF-8"?>
<!-- Generated by org.testng.reporters.JUnitXMLReporter -->
<testsuite ignored="3" hostname="CSN-VM-STD-8707" failures="0" tests="8" name="Regression" time="0.171" errors="0" timestamp="2023-06-07T15:14:16 IST">
  <testcase classname="test.day1" name="Demo" time="0.007"/>
  <testcase classname="test.day1" name="SecondTest" time="0.005"/>
  <testcase classname="test.day4" name="loginAPIhomeloan" time="0.004"/>
  <testcase classname="test.day4" name="webloginhomeloan" time="0.005"/>
  <testcase classname="test.day3" name="APIcarloan" time="0.004"/>
  <testcase classname="test.day3" name="mobilesignincarloan" time="0.005"/>
  <testcase classname="test.day3" name="mobilesignoutcarloan" time="0.004"/>
  <testcase classname="test.day3" name="weblogincarloan" time="0.009"/>
  <testcase classname="test.day2" name="ploan" time="0.0">
    <ignored/>
  </testcase> <!-- ploan -->
  <testcase classname="test.day3" name="mobilelogincarloan" time="0.0">
    <ignored/>
  </testcase> <!-- mobilelogincarloan -->
  <testcase classname="test.day4" name="mobileloginhomeloan" time="0.0">
    <ignored/>
  </testcase> <!-- mobileloginhomeloan -->
</testsuite> <!-- Regression -->
