<?xml version="1.0" encoding="UTF-8"?>
<testng-results ignored="3" total="13" passed="9" failed="1" skipped="0">
  <reporter-output>
  </reporter-output>
  <suite started-at="2023-06-21T15:59:38 IST" name="Loan Department" finished-at="2023-06-21T15:59:39 IST" duration-ms="416">
    <groups>
      <group name="Smoke">
        <method signature="day2.ploan()[pri:0, instance:test.day2@247d8ae]" name="ploan" class="test.day2"/>
        <method signature="day4.mobileloginhomeloan()[pri:0, instance:test.day4@48974e45]" name="mobileloginhomeloan" class="test.day4"/>
        <method signature="day3.mobilelogincarloan()[pri:0, instance:test.day3@618425b5]" name="mobilelogincarloan" class="test.day3"/>
      </group> <!-- Smoke -->
    </groups>
    <test started-at="2023-06-21T15:59:38 IST" name="Personal Loan" finished-at="2023-06-21T15:59:39 IST" duration-ms="202">
      <class name="test.day4">
        <test-method signature="loginAPIhomeloan()[pri:0, instance:test.day4@48974e45]" started-at="2023-06-21T15:59:38 IST" name="loginAPIhomeloan" finished-at="2023-06-21T15:59:38 IST" duration-ms="5" status="PASS">
          <reporter-output>
          </reporter-output>
        </test-method> <!-- loginAPIhomeloan -->
        <test-method signature="mobileloginhomeloan()[pri:0, instance:test.day4@48974e45]" started-at="2023-06-21T15:59:38 IST" name="mobileloginhomeloan" finished-at="2023-06-21T15:59:38 IST" duration-ms="4" status="PASS">
          <reporter-output>
          </reporter-output>
        </test-method> <!-- mobileloginhomeloan -->
        <test-method signature="webloginhomeloan(java.lang.String)[pri:0, instance:test.day4@48974e45]" started-at="2023-06-21T15:59:39 IST" name="webloginhomeloan" finished-at="2023-06-21T15:59:39 IST" duration-ms="6" status="PASS">
          <params>
            <param index="0">
              <value>
                <![CDATA[personalloan.com]]>
              </value>
            </param>
          </params>
          <reporter-output>
          </reporter-output>
        </test-method> <!-- webloginhomeloan -->
      </class> <!-- test.day4 -->
      <class name="test.day2">
        <test-method is-config="true" signature="prerequisite()[pri:0, instance:test.day2@247d8ae]" started-at="2023-06-21T15:59:38 IST" name="prerequisite" finished-at="2023-06-21T15:59:38 IST" duration-ms="1" status="PASS">
          <reporter-output>
          </reporter-output>
        </test-method> <!-- prerequisite -->
        <test-method signature="ploan()[pri:0, instance:test.day2@247d8ae]" started-at="2023-06-21T15:59:38 IST" name="ploan" finished-at="2023-06-21T15:59:38 IST" duration-ms="3" status="PASS">
          <reporter-output>
          </reporter-output>
        </test-method> <!-- ploan -->
      </class> <!-- test.day2 -->
      <class name="test.day1">
        <test-method signature="Demo()[pri:0, instance:test.day1@306f16f3]" started-at="2023-06-21T15:59:38 IST" name="Demo" finished-at="2023-06-21T15:59:38 IST" duration-ms="21" status="FAIL">
          <exception class="java.lang.AssertionError">
            <message>
              <![CDATA[expected [true] but found [false]]]>
            </message>
            <full-stacktrace>
              <![CDATA[java.lang.AssertionError: expected [true] but found [false]
at org.testng.Assert.fail(Assert.java:99)
at org.testng.Assert.failNotEquals(Assert.java:1037)
at org.testng.Assert.assertTrue(Assert.java:45)
at org.testng.Assert.assertTrue(Assert.java:55)
at test.day1.Demo(day1.java:22)
at java.base/jdk.internal.reflect.NativeMethodAccessorImpl.invoke0(Native Method)
at java.base/jdk.internal.reflect.NativeMethodAccessorImpl.invoke(NativeMethodAccessorImpl.java:77)
at java.base/jdk.internal.reflect.DelegatingMethodAccessorImpl.invoke(DelegatingMethodAccessorImpl.java:43)
at java.base/java.lang.reflect.Method.invoke(Method.java:568)
at org.testng.internal.MethodInvocationHelper.invokeMethod(MethodInvocationHelper.java:133)
at org.testng.internal.TestInvoker.invokeMethod(TestInvoker.java:598)
at org.testng.internal.TestInvoker.invokeTestMethod(TestInvoker.java:173)
at org.testng.internal.MethodRunner.runInSequence(MethodRunner.java:46)
at org.testng.internal.TestInvoker$MethodInvocationAgent.invoke(TestInvoker.java:824)
at org.testng.internal.TestInvoker.invokeTestMethods(TestInvoker.java:146)
at org.testng.internal.TestMethodWorker.invokeTestMethods(TestMethodWorker.java:146)
at org.testng.internal.TestMethodWorker.run(TestMethodWorker.java:128)
at java.base/java.util.ArrayList.forEach(ArrayList.java:1511)
at org.testng.TestRunner.privateRun(TestRunner.java:794)
at org.testng.TestRunner.run(TestRunner.java:596)
at org.testng.SuiteRunner.runTest(SuiteRunner.java:377)
at org.testng.SuiteRunner.runSequentially(SuiteRunner.java:371)
at org.testng.SuiteRunner.privateRun(SuiteRunner.java:332)
at org.testng.SuiteRunner.run(SuiteRunner.java:276)
at org.testng.SuiteRunnerWorker.runSuite(SuiteRunnerWorker.java:53)
at org.testng.SuiteRunnerWorker.run(SuiteRunnerWorker.java:96)
at org.testng.TestNG.runSuitesSequentially(TestNG.java:1212)
at org.testng.TestNG.runSuitesLocally(TestNG.java:1134)
at org.testng.TestNG.runSuites(TestNG.java:1063)
at org.testng.TestNG.run(TestNG.java:1031)
at org.testng.remote.AbstractRemoteTestNG.run(AbstractRemoteTestNG.java:115)
at org.testng.remote.RemoteTestNG.initAndRun(RemoteTestNG.java:251)
at org.testng.remote.RemoteTestNG.main(RemoteTestNG.java:77)
]]>
            </full-stacktrace>
          </exception> <!-- java.lang.AssertionError -->
          <reporter-output>
          </reporter-output>
        </test-method> <!-- Demo -->
        <test-method is-config="true" signature="lastexecution()[pri:0, instance:test.day1@306f16f3]" started-at="2023-06-21T15:59:39 IST" name="lastexecution" finished-at="2023-06-21T15:59:39 IST" duration-ms="0" status="PASS">
          <reporter-output>
          </reporter-output>
        </test-method> <!-- lastexecution -->
      </class> <!-- test.day1 -->
    </test> <!-- Personal Loan -->
    <test started-at="2023-06-21T15:59:39 IST" name="carloan" finished-at="2023-06-21T15:59:39 IST" duration-ms="54">
      <class name="test.day3">
        <test-method is-config="true" signature="Bfsuite()[pri:0, instance:test.day3@618425b5]" started-at="2023-06-21T15:59:38 IST" name="Bfsuite" finished-at="2023-06-21T15:59:38 IST" duration-ms="15" status="PASS">
          <reporter-output>
          </reporter-output>
        </test-method> <!-- Bfsuite -->
        <test-method is-config="true" signature="beforeclass()[pri:0, instance:test.day3@618425b5]" started-at="2023-06-21T15:59:39 IST" name="beforeclass" finished-at="2023-06-21T15:59:39 IST" duration-ms="0" status="PASS">
          <reporter-output>
          </reporter-output>
        </test-method> <!-- beforeclass -->
        <test-method is-config="true" signature="beforeevery()[pri:0, instance:test.day3@618425b5]" started-at="2023-06-21T15:59:39 IST" name="beforeevery" finished-at="2023-06-21T15:59:39 IST" duration-ms="0" status="PASS">
          <reporter-output>
          </reporter-output>
        </test-method> <!-- beforeevery -->
        <test-method signature="mobilelogincarloan()[pri:0, instance:test.day3@618425b5]" started-at="2023-06-21T15:59:39 IST" name="mobilelogincarloan" finished-at="2023-06-21T15:59:39 IST" duration-ms="2" status="PASS">
          <reporter-output>
          </reporter-output>
        </test-method> <!-- mobilelogincarloan -->
        <test-method is-config="true" signature="afterevery()[pri:0, instance:test.day3@618425b5]" started-at="2023-06-21T15:59:39 IST" name="afterevery" finished-at="2023-06-21T15:59:39 IST" duration-ms="4" status="PASS">
          <reporter-output>
          </reporter-output>
        </test-method> <!-- afterevery -->
        <test-method is-config="true" signature="beforeevery()[pri:0, instance:test.day3@618425b5]" started-at="2023-06-21T15:59:39 IST" name="beforeevery" finished-at="2023-06-21T15:59:39 IST" duration-ms="0" status="PASS">
          <reporter-output>
          </reporter-output>
        </test-method> <!-- beforeevery -->
        <test-method signature="mobilesignoutcarloan(java.lang.String,java.lang.String)[pri:0, instance:test.day3@618425b5]" started-at="2023-06-21T15:59:39 IST" name="mobilesignoutcarloan" data-provider="getData" finished-at="2023-06-21T15:59:39 IST" duration-ms="5" status="PASS">
          <params>
            <param index="0">
              <value>
                <![CDATA[firstsetusername]]>
              </value>
            </param>
            <param index="1">
              <value>
                <![CDATA[password]]>
              </value>
            </param>
          </params>
          <reporter-output>
          </reporter-output>
        </test-method> <!-- mobilesignoutcarloan -->
        <test-method is-config="true" signature="afterevery()[pri:0, instance:test.day3@618425b5]" started-at="2023-06-21T15:59:39 IST" name="afterevery" finished-at="2023-06-21T15:59:39 IST" duration-ms="1" status="PASS">
          <reporter-output>
          </reporter-output>
        </test-method> <!-- afterevery -->
        <test-method is-config="true" signature="beforeevery()[pri:0, instance:test.day3@618425b5]" started-at="2023-06-21T15:59:39 IST" name="beforeevery" finished-at="2023-06-21T15:59:39 IST" duration-ms="4" status="PASS">
          <reporter-output>
          </reporter-output>
        </test-method> <!-- beforeevery -->
        <test-method signature="mobilesignoutcarloan(java.lang.String,java.lang.String)[pri:0, instance:test.day3@618425b5]" started-at="2023-06-21T15:59:39 IST" name="mobilesignoutcarloan" data-provider="getData" finished-at="2023-06-21T15:59:39 IST" duration-ms="2" status="PASS">
          <params>
            <param index="0">
              <value>
                <![CDATA[secondsetusername]]>
              </value>
            </param>
            <param index="1">
              <value>
                <![CDATA[secondpassword]]>
              </value>
            </param>
          </params>
          <reporter-output>
          </reporter-output>
        </test-method> <!-- mobilesignoutcarloan -->
        <test-method is-config="true" signature="beforeevery()[pri:0, instance:test.day3@618425b5]" started-at="2023-06-21T15:59:39 IST" name="beforeevery" finished-at="2023-06-21T15:59:39 IST" duration-ms="4" status="PASS">
          <reporter-output>
          </reporter-output>
        </test-method> <!-- beforeevery -->
        <test-method is-config="true" signature="afterevery()[pri:0, instance:test.day3@618425b5]" started-at="2023-06-21T15:59:39 IST" name="afterevery" finished-at="2023-06-21T15:59:39 IST" duration-ms="0" status="PASS">
          <reporter-output>
          </reporter-output>
        </test-method> <!-- afterevery -->
        <test-method signature="mobilesignoutcarloan(java.lang.String,java.lang.String)[pri:0, instance:test.day3@618425b5]" started-at="2023-06-21T15:59:39 IST" name="mobilesignoutcarloan" data-provider="getData" finished-at="2023-06-21T15:59:39 IST" duration-ms="3" status="PASS">
          <params>
            <param index="0">
              <value>
                <![CDATA[thirdsetusername]]>
              </value>
            </param>
            <param index="1">
              <value>
                <![CDATA[thirdpassword]]>
              </value>
            </param>
          </params>
          <reporter-output>
          </reporter-output>
        </test-method> <!-- mobilesignoutcarloan -->
        <test-method is-config="true" signature="afterevery()[pri:0, instance:test.day3@618425b5]" started-at="2023-06-21T15:59:39 IST" name="afterevery" finished-at="2023-06-21T15:59:39 IST" duration-ms="1" status="PASS">
          <reporter-output>
          </reporter-output>
        </test-method> <!-- afterevery -->
        <test-method signature="weblogincarloan(java.lang.String,java.lang.String)[pri:0, instance:test.day3@618425b5]" started-at="2023-06-21T15:59:39 IST" name="weblogincarloan" finished-at="2023-06-21T15:59:39 IST" duration-ms="3" status="PASS">
          <params>
            <param index="0">
              <value>
                <![CDATA[carloan.com]]>
              </value>
            </param>
            <param index="1">
              <value>
                <![CDATA[123456]]>
              </value>
            </param>
          </params>
          <reporter-output>
          </reporter-output>
        </test-method> <!-- weblogincarloan -->
        <test-method is-config="true" signature="beforeevery()[pri:0, instance:test.day3@618425b5]" started-at="2023-06-21T15:59:39 IST" name="beforeevery" finished-at="2023-06-21T15:59:39 IST" duration-ms="0" status="PASS">
          <reporter-output>
          </reporter-output>
        </test-method> <!-- beforeevery -->
        <test-method is-config="true" signature="afterevery()[pri:0, instance:test.day3@618425b5]" started-at="2023-06-21T15:59:39 IST" name="afterevery" finished-at="2023-06-21T15:59:39 IST" duration-ms="0" status="PASS">
          <reporter-output>
          </reporter-output>
        </test-method> <!-- afterevery -->
        <test-method is-config="true" signature="afterclass()[pri:0, instance:test.day3@618425b5]" started-at="2023-06-21T15:59:39 IST" name="afterclass" finished-at="2023-06-21T15:59:39 IST" duration-ms="0" status="PASS">
          <reporter-output>
          </reporter-output>
        </test-method> <!-- afterclass -->
      </class> <!-- test.day3 -->
      <class name="test.day1">
        <test-method is-config="true" signature="afSuite()[pri:0, instance:test.day1@306f16f3]" started-at="2023-06-21T15:59:39 IST" name="afSuite" finished-at="2023-06-21T15:59:39 IST" duration-ms="1" status="PASS">
          <reporter-output>
          </reporter-output>
        </test-method> <!-- afSuite -->
      </class> <!-- test.day1 -->
    </test> <!-- carloan -->
  </suite> <!-- Loan Department -->
</testng-results>
